139 A 11 0.545454545455 0.454545454545 0.0 0.0 0.0 6 5 0 0 0 0
144 C 11 0.0 0.454545454545 0.545454545455 0.0 0.0 0 5 6 0 0 0
158 G 12 0.416666666667 0.0 0.0 0.583333333333 0.0 5 0 0 7 0 0
164 G 10 0.0 0.3 0.0 0.7 0.0 0 3 0 7 0 0
176 A 12 0.25 0.0 0.0 0.75 0.0 3 0 0 9 0 0
183 A 142 0.971830985915 0.0 0.0 0.0281690140845 0.0 138 0 0 4 0 0
250 T 3013 0.000995685363425 0.986392300033 0.00564221705941 0.00696979754398 0.0 3 2972 17 21 0 0
258 T 3006 0.000998003992016 0.982701264138 0.00499001996008 0.0113107119095 0.0 3 2954 15 34 0 0
264 T 2998 0.000333667000334 0.990990990991 0.00233566900234 0.00600600600601 0.000333667000334 1 2970 7 18 1 1
269 C 2986 0.00435365036839 0.00133958472873 0.993971868721 0.0 0.000334896182184 13 4 2968 0 1 0
274 G 2976 0.000672043010753 0.00436827956989 0.00369623655914 0.99126344086 0.0 2 13 11 2950 0 0
277 T 2967 0.0010111223458 0.99123693967 0.00741489720256 0.000337040781935 0.0 3 2941 22 1 0 0
281 A 2966 0.991233985165 0.000337154416723 0.00842886041807 0.0 0.0 2940 1 25 0 0 0
286 A 2949 0.98982706002 0.000339097999322 0.00576466598847 0.00406917599186 0.0 2919 1 17 12 0 0
289 A 2941 0.988099285957 0.000680040802448 0.0112206732404 0.0 0.0 2906 2 33 0 0 0
291 A 2939 0.0078257910854 0.000680503572644 0.00170125893161 0.98979244641 0.0 23 2 5 2909 0 0
292 T 2942 0.00101971447995 0.974847042828 0.00305914343984 0.0210740992522 0.0 3 2868 9 62 0 0
299 A 3250 0.983384615385 0.000307692307692 0.00369230769231 0.0126153846154 0.0 3196 1 12 41 0 0
301 A 3260 0.98773006135 0.00122699386503 0.0021472392638 0.00889570552147 0.0 3220 4 7 29 0 0
304 T 3333 0.001200120012 0.992499249925 0.00510051005101 0.001200120012 0.0 4 3308 17 4 0 0
307 A 3398 0.982636845203 0.00264861683343 0.0147145379635 0.0 0.0 3339 9 50 0 0 0
313 A 3566 0.987100392597 0.000280426247897 0.00252383623107 0.0100953449243 0.0 3520 1 9 36 0 0
315 T 3570 0.00448179271709 0.97619047619 0.0047619047619 0.0145658263305 0.0 16 3485 17 52 0 0
326 C 3637 0.00467418201815 0.000824855650261 0.994500962332 0.0 0.0 17 3 3617 0 0 0
327 T 3637 0.000824855650261 0.993676106681 0.00439923013473 0.00109980753368 0.0 3 3614 16 4 0 0
330 T 3724 0.000805585392052 0.991407089151 0.00644468313641 0.00134264232009 0.0 3 3692 24 5 0 0
333 C 3711 0.00431150633252 0.0129345189976 0.981945567233 0.000538938291566 0.000269469145783 16 48 3644 2 1 0
335 T 3717 0.0013451708367 0.992467043315 0.00430454667743 0.00188323917137 0.0 5 3689 16 7 0 0
337 G 3744 0.000801282051282 0.000801282051282 0.00400641025641 0.994391025641 0.0 3 3 15 3723 0 0
338 A 3742 0.987439871726 0.000801710315339 0.0053447354356 0.00641368252272 0.0 3695 3 20 24 0 0
345 T 3694 0.000541418516513 0.994585814835 0.00406063887385 0.00081212777477 0.0 2 3674 15 3 0 0
353 A 3651 0.98931799507 0.000273897562312 0.00684743905779 0.00356066831005 0.0 3612 1 25 13 0 0
360 G 3655 0.00109439124487 0.000547195622435 0.00355677154583 0.994801641587 0.0 4 2 13 3636 0 0
362 T 3554 0.000281373100732 0.994091164885 0.00478334271244 0.000844119302195 0.0 1 3533 17 3 0 0
367 A 3554 0.983117613956 0.00112549240293 0.00844119302195 0.00731570061902 0.0 3494 4 30 26 0 0
374 A 3543 0.985040925769 0.00141123341801 0.0118543607113 0.00169348010161 0.0 3490 5 42 6 0 0
378 A 3460 0.98323699422 0.00173410404624 0.00260115606936 0.0124277456647 0.0 3402 6 9 43 0 0
381 C 3507 0.0 0.00256629597947 0.994867408041 0.00256629597947 0.0 0 9 3489 9 0 0
383 T 3481 0.000861821315714 0.972996265441 0.00229819017524 0.0238437230681 0.0 3 3387 8 83 0 0
388 T 3483 0.00114843525696 0.989664082687 0.00516795865633 0.00401952339937 0.0 4 3447 18 14 0 0
392 C 3505 0.0 0.000285306704708 0.989443651926 0.0102710413695 0.0 0 1 3468 36 0 0
396 A 3348 0.965651135006 0.00089605734767 0.0110513739546 0.0224014336918 0.0 3233 3 37 75 0 0
398 T 3363 0.0 0.992268807612 0.0035682426405 0.00416294974725 0.0 0 3337 12 14 0 0
403 A 3080 0.952257226372 0.000324780772978 0.00259824618383 0.044819746671 0.0 2932 1 8 138 0 1
405 T 3064 0.00130548302872 0.955613577023 0.0016318537859 0.0411227154047 0.00032637075718 4 2928 5 126 1 0
410 A 3141 0.992677491245 0.000636739891754 0.00222858962114 0.0041388092964 0.000318369945877 3118 2 7 13 1 0
415 T 3326 0.000300661455201 0.98556825015 0.0141310883945 0.0 0.0 1 3278 47 0 0 0
417 A 3308 0.99123337364 0.000302297460701 0.00755743651753 0.000906892382104 0.0 3279 1 25 3 0 0
420 T 3280 0.00030487804878 0.994512195122 0.000914634146341 0.00365853658537 0.000609756097561 1 3262 3 12 2 0
421 C 3285 0.000304414003044 0.000608828006088 0.0356164383562 0.963165905632 0.000304414003044 1 2 117 3164 1 0
423 T 3299 0.00060624431646 0.99151257957 0.00484995453168 0.00272809942407 0.00030312215823 2 3271 16 9 1 0
426 A 3297 0.992114043069 0.0 0.00697603882317 0.00060661207158 0.00030330603579 3271 0 23 2 1 0
545 T 47391 0.00143487160009 0.990842143023 0.00234221687662 0.00523306112975 0.000147707370598 68 46957 111 248 7 0
549 T 47187 0.000699345158624 0.0402229427597 0.958929366139 2.11922775341e-05 0.000127153665204 33 1898 45249 1 6 0
550 C 47261 0.959226423478 0.000253909142845 0.04015996276 0.000232750047608 0.000126954571423 45334 12 1898 11 6 0
554 T 48442 0.00613104330952 0.984496924157 0.00575946492713 0.00350935138929 0.000103216217332 297 47691 279 170 5 0
557 T 48823 0.00124948791479 0.991356001639 0.00270380991397 0.00460876689881 8.19336337567e-05 61 48398 132 225 4 3
559 T 49228 0.000609409279272 0.994779393841 0.00140164134233 0.00316892825221 4.06272852848e-05 30 48971 69 156 2 0
574 T 53386 0.000674346726609 0.993106677906 0.00146108457432 0.00462676781868 0.000131122974618 36 53017 78 247 7 1
603 A 58673 0.993062775912 0.000749970171641 0.00233513439806 0.00381802996472 3.40895532564e-05 58262 44 137 224 2 4
612 G 60413 0.00466817858266 0.000480060918075 9.93229485673e-05 0.994669668427 8.27691238061e-05 282 29 6 60087 5 4
613 T 60423 0.000579287972327 0.994819510419 0.00188682368129 0.00261507141793 9.93065095417e-05 35 60106 114 158 6 4
616 G 60712 0.006474571245 0.000230646303893 4.94242079771e-05 0.993212408771 3.29494719847e-05 393 14 3 60287 2 13
617 T 60726 0.000691767961261 0.993312909708 0.00143294791975 0.00448002108245 8.23533287215e-05 42 60308 87 272 5 12
618 G 60892 0.00689791091841 0.000459860727894 4.92707922743e-05 0.992510839574 8.21179871239e-05 420 28 3 60432 5 4
619 T 60966 0.00108264164562 0.992618352416 0.00144352219415 0.00485548374397 0.0 66 60512 88 296 0 4
629 C 62215 0.00560985018967 0.000980518227995 0.993216742751 0.000128592554491 6.42962772455e-05 349 61 61790 8 4 3
633 C 62483 0.00512188485363 0.00224082462346 0.992061078477 0.000544200265698 3.20117803352e-05 320 140 61981 34 2 6
635 G 62346 0.00359337151291 0.00094646838956 0.000641673484447 0.994770361102 4.81255113336e-05 224 59 40 62011 3 9
636 T 62116 0.00130413782 0.990049911447 0.00199645789728 0.00655289003381 9.66028014812e-05 81 61492 124 407 6 6
643 C 62590 0.00043142017129 0.0506519238144 0.948229579445 0.000511312795603 0.000175763773488 27 3170 59344 32 11 6
652 A 63189 0.994745422028 0.000379849010019 0.00259563490179 0.00218413180761 9.49622525046e-05 62851 24 164 138 6 6
654 C 63609 0.0155495809946 0.981195855541 0.00127352483373 0.00182381334214 0.000157225288115 989 62407 81 116 10 6
667 G 61134 0.00649499378313 0.946960277469 0.00196322230221 0.0444997055167 8.18009292586e-05 397 57882 120 2720 5 10
668 G 61126 0.959797761634 0.000196347928529 0.000114536291642 0.0398422671641 4.90869821323e-05 58659 12 7 2435 3 10
671 A 61306 0.0412091945772 0.00026102419368 0.00035890826631 0.958138244939 3.262802421e-05 2526 16 22 58731 2 9
681 C 62014 0.959686522398 0.0004353855581 0.0388621924082 0.000919147289322 9.67523462444e-05 59514 27 2410 57 6 0
682 T 62111 0.00130411682311 0.994944534784 0.00178712305389 0.00186762409235 9.66012461561e-05 81 61797 111 116 6 0
686 T 62137 0.000514991068124 0.992790125046 0.00468320002575 0.00191512303458 9.65608252732e-05 32 61689 291 119 6 0
689 A 61905 0.992472336645 0.000209999192311 0.00323075680478 0.00403844600598 4.84613520717e-05 61439 13 200 250 3 0
698 T 61309 0.00119068978453 0.977540002284 0.0184149146129 0.00280546086219 4.89324568987e-05 73 59932 1129 172 3 0
717 A 54072 0.986388519012 0.000332889480692 0.0112812546235 0.00196034916408 3.69877200769e-05 53336 18 610 106 2 0
730 A 41733 0.990918240199 0.000431323684463 0.00143774561488 0.00709287836672 0.000119812134573 41353 18 60 296 5 1
745 T 13476 0.00252375296912 0.961252969121 0.00133610451306 0.0347387173397 0.000148456057007 34 12950 18 468 2 4
765 A 12874 0.994950279677 0.000854568054692 0.000854568054692 0.00310752019888 0.000233064014916 12807 11 11 40 3 2
773 A 12433 0.994932840023 0.000241293332261 0.000402155553768 0.0043432799807 8.04311107536e-05 12370 3 5 54 1 0
784 A 12101 0.993884297521 0.000413223140496 0.000165289256198 0.00553719008264 0.0 12026 5 2 67 0 1
795 T 11152 0.000717360114778 0.984666427547 0.00107604017217 0.0135401721664 0.0 8 10981 12 151 0 0
801 A 11142 0.994614970382 0.000628253455394 0.000269251480883 0.00430802369413 0.000179500987255 11082 7 3 48 2 0
803 C 11138 0.000718261806428 0.000628479080625 0.994972167355 0.00350152630634 0.000179565451607 8 7 11082 39 2 0
807 A 11097 0.0648824006488 0.000180228890691 0.000270343336037 0.934396683788 0.000270343336037 720 2 3 10369 3 0
809 T 10599 0.00301915275026 0.9863194641 0.000754788187565 0.00990659496179 0.0 32 10454 8 105 0 0
822 A 8969 0.991303378303 0.000334485449883 0.000334485449883 0.00802765079719 0.0 8891 3 3 72 0 0
832 C 7440 0.923232051627 0.000268889486421 0.0762301694004 0.0 0.000268889486421 6867 2 567 0 2 2
833 G 7446 0.922508729519 0.000268600590921 0.0 0.076954069299 0.000268600590921 6869 2 0 573 2 0
838 G 7938 0.00604686318972 0.000251952632905 0.0 0.993575207861 0.000125976316453 48 2 0 7887 1 0
858 A 7596 0.993152488807 0.000263365815117 0.0038188043192 0.00263365815117 0.000131682907559 7542 2 29 20 1 2
871 A 8904 0.0882749326146 0.00033692722372 0.911051212938 0.000112309074573 0.000224618149146 786 3 8112 1 2 0
880 T 9662 0.00175947008901 0.0773131856758 0.920720347754 0.00010349824053 0.00010349824053 17 747 8896 1 1 0
893 T 10502 0.00257093886879 0.992287183394 0.00142829937155 0.00371357836603 0.0 27 10421 15 39 0 0
908 A 10264 0.993764614186 0.000487139516758 0.000584567420109 0.00477396726422 0.000389711613406 10200 5 6 49 4 0
939 G 11993 0.000250166777852 0.917695130087 0.000333555703803 0.0814709806538 0.000250166777852 3 11005 4 977 3 1
945 A 11964 0.0830059349661 8.35910724735e-05 0.0 0.916743291816 0.000167182144947 993 1 0 10967 2 1
1003 T 13363 0.00329292022152 0.99408771142 0.0011974255351 0.00142194282293 0.0 44 13283 16 19 0 1
1033 G 13878 0.921945945946 0.000288288288288 0.000288288288288 0.0774054054054 7.20720720721e-05 12792 4 4 1074 1 3
1039 A 13884 0.0792278882167 0.000432152117545 0.000360126764621 0.919907807548 7.20253529242e-05 1100 6 5 12772 1 0
1040 C 13864 0.00122619734564 0.917700519331 0.0794864396999 0.00158684362377 0.0 17 12723 1102 22 0 0
1052 T 14510 0.000689179875948 0.99483115093 0.00124052377671 0.00310130944176 0.00013783597519 10 14435 18 45 2 0
1068 G 14634 0.000751674183409 0.919297526309 0.000683340166735 0.0791991253246 6.83340166735e-05 11 13453 10 1159 1 0
1069 A 14873 0.0773213205137 0.000605123377933 6.72359308815e-05 0.921939084247 6.72359308815e-05 1150 9 1 13712 1 0
1089 T 15234 0.00124721018774 0.075357752396 0.923066824209 0.000328213207299 0.0 19 1148 14062 5 0 0
1095 C 15206 0.00263088660879 0.921270718232 0.0752433570113 0.000855038147856 0.0 40 14007 1144 13 0 2
1100 T 15054 0.00431778929188 0.994220805102 0.000398565165405 0.000929985385944 0.000132855055135 65 14967 6 14 2 0
1111 C 14634 0.00492004920049 0.000205002050021 0.994464944649 0.000273336066694 0.000136668033347 72 3 14553 4 2 0
1116 C 14436 0.00533388750346 0.000346356331394 0.993973399834 0.000277085065115 6.92712662787e-05 77 5 14349 4 1 0
1122 T 13689 0.0172401198042 0.977207977208 0.00197238658777 0.00350646504493 7.30513551026e-05 236 13377 27 48 1 0
1131 A 13237 0.0705597945154 0.000226637455617 7.55458185389e-05 0.928911384755 0.000226637455617 934 3 1 12296 3 0
1134 A 11578 0.994731387113 0.000431853515288 0.00336845741924 0.00129556054586 0.000172741406115 11517 5 39 15 2 0
1152 C 11823 0.00431362598325 0.0 0.994840565 0.000761228114692 8.45809016324e-05 51 0 11762 9 1 0
1159 C 10994 0.93332726942 0.0 0.0656721848281 0.000818628342732 0.000181917409496 10261 0 722 9 2 0
1163 G 10564 0.932222642938 0.000283983339644 0.000946611132147 0.0660734570239 0.000473305566073 9848 3 10 698 5 0
1166 A 10432 0.0643768588698 0.000671591672263 0.000383766669865 0.934375899453 0.000191883334932 671 7 4 9739 2 9
1167 T 10464 0.000956480153037 0.0621712099474 0.936298421808 0.000382592061215 0.000191296030607 10 650 9789 4 2 9
1193 T 11652 0.00214573856321 0.990472920779 0.00205990902068 0.00532143163677 0.0 25 11540 24 62 0 1
1201 A 11066 0.0531357310681 0.000271100668715 0.946593168263 0.0 0.0 588 3 10475 0 0 0
1217 T 10259 0.0063359001852 0.987620625792 0.00341163856126 0.00253436007408 9.74753874647e-05 65 10132 35 26 1 0
1233 A 10037 0.989937232241 0.00219189000697 0.00468267410581 0.00308857228255 9.96313639534e-05 9936 22 47 31 1 0
1256 T 11345 0.00387836051124 0.989070074923 0.00193918025562 0.0050242397532 8.81445570736e-05 44 11221 22 57 1 0
1262 T 11244 0.00960512273212 0.982657417289 0.00364638918534 0.00400213447172 8.89363215937e-05 108 11049 41 45 1 0
1265 T 11307 0.00486510393631 0.989827509951 0.00212295444494 0.0031844316674 0.0 55 11190 24 36 0 2
1292 T 12361 0.00550206327373 0.988591309977 0.00218464277045 0.00364107128408 8.09126952019e-05 68 12218 27 45 1 2
1293 G 12379 0.948695160378 8.07950230266e-05 8.07950230266e-05 0.0511432495758 0.0 11742 1 1 633 0 2
1296 A 12288 0.993408203125 0.00333658854167 0.00130208333333 0.00162760416667 0.000325520833333 12207 41 16 20 4 0
1323 A 11708 0.993594123676 0.00051247010591 0.000427058421592 0.00529552442774 0.000170823368637 11633 6 5 62 2 0
1327 A 11598 0.991722710812 0.000431108811864 0.00474219693051 0.00293153992068 0.000172443524746 11502 5 55 34 2 0
1344 C 11817 0.00203114421124 0.944482058226 0.0525558564658 0.000592417061611 0.000338524035206 24 11160 621 7 4 1
1361 T 11732 0.00170473917491 0.991987725878 0.00230139788612 0.00400613706103 0.0 20 11638 27 47 0 0
1432 G 11529 0.0007807755704 0.942656371996 0.000347011364622 0.0562158410688 0.0 9 10866 4 648 0 2
1442 T 11614 0.000861103935245 0.994058382847 0.000602772754671 0.00447774046327 0.0 10 11544 7 52 0 1
1461 A 11677 0.994689507495 0.0010278372591 0.0023982869379 0.00188436830835 0.0 11613 12 28 22 0 2
1491 T 10350 0.00222243695043 0.988211421393 0.00106290462847 0.00830998164074 0.000193255386994 23 10227 11 86 2 1
1503 A 8981 0.993875960361 0.000111346175259 0.000779423226812 0.00501057788665 0.000222692350518 8926 1 7 45 2 0
1504 A 8721 0.994954707029 0.000573328746703 0.00160532049077 0.00275197798418 0.000114665749341 8677 5 14 24 1 0
1512 T 8294 0.00385821075476 0.994092114782 0.000843983602604 0.000964552688691 0.000241138172173 32 8245 7 8 2 0
1529 T 7385 0.00324983073798 0.99404197698 0.000406228842248 0.00189573459716 0.000406228842248 24 7341 3 14 3 0
1543 A 7531 0.0555039171425 0.000132784490771 0.944230513876 0.000132784490771 0.0 418 1 7111 1 0 0
1572 T 7994 0.000625547353935 0.0504191167271 0.948955335919 0.0 0.0 5 403 7585 0 0 1
1586 T 8099 0.00407457710828 0.994937646623 0.000123472033584 0.000617360167922 0.000246944067169 33 8058 1 5 2 0
1602 T 8703 0.0059763245604 0.992989311573 0.000229858636938 0.000804505229284 0.0 52 8640 2 7 0 2
1607 T 8814 0.00329022010438 0.994667574314 0.000340367597005 0.00158838211936 0.000113455865668 29 8767 3 14 1 0
1610 T 8638 0.00752489002084 0.988654781199 0.00162074554295 0.00185228062051 0.000347302616346 65 8540 14 16 3 0
1616 T 8259 0.00193728054244 0.994914638576 0.000363240101707 0.00278484077976 0.0 16 8217 3 23 0 0
1618 T 8156 0.00514958312898 0.99362432565 0.000367827366356 0.000858263854831 0.0 42 8104 3 7 0 0
1620 T 8122 0.00480177296232 0.994213247968 0.000492489534597 0.000492489534597 0.0 39 8075 4 4 0 0
1653 A 8099 0.994690702556 0.00123472033584 0.00111124830226 0.00296332880603 0.0 8056 10 9 24 0 0
1659 G 8405 0.0455681142177 0.000118976799524 0.0 0.954312908983 0.0 383 1 0 8021 0 0
1686 G 8332 0.949711953913 0.000600096015362 0.000600096015362 0.0488478156505 0.000240038406145 7913 5 5 407 2 0
1722 G 8313 0.949476723205 0.000360880548538 0.000601467580897 0.0495609286659 0.0 7893 3 5 412 0 0
1727 T 8390 0.007747318236 0.988081048868 0.00262216924911 0.0015494636472 0.0 65 8290 22 13 0 0
1779 T 9230 0.00422535211268 0.993282773564 0.0011917659805 0.0011917659805 0.000108342361863 39 9168 11 11 1 0
1808 C 9364 0.000747543784707 0.000320375907732 0.0717642033319 0.926847501068 0.000320375907732 7 3 672 8679 3 0
1809 G 9287 0.919134273716 0.000107677398514 0.000861419188112 0.0794659201034 0.000430709594056 8536 1 8 738 4 0
1812 T 10740 0.00102420856611 0.0655493482309 0.000279329608939 0.932681564246 0.000465549348231 11 704 3 10017 5 0
1826 T 12118 0.00107278428784 0.993480772405 0.0 0.00536392143918 8.25218682951e-05 13 12039 0 65 1 0
1847 T 11964 0.00142104823205 0.989885480231 0.00117027501463 0.00735601437766 0.000167182144947 17 11842 14 88 2 1
1848 A 11621 0.0663274107297 0.000431257547007 0.0 0.933068828705 0.000172503018803 769 5 0 10818 2 27
1851 A 11703 0.0662223361531 8.54481756814e-05 0.0 0.93352131932 0.000170896351363 775 1 0 10925 2 0
1866 G 13493 0.943138853881 0.000148268959893 0.000296537919786 0.0562680702795 0.000148268959893 12722 2 4 759 2 4
1906 T 14588 0.000548471136706 0.0552584670232 0.943987385164 0.000205676676265 0.0 8 806 13769 3 0 2
1923 G 14223 0.941573507699 0.00077339520495 0.00077339520495 0.0568093932363 7.03086549954e-05 13392 11 11 808 1 0
1928 G 14809 0.944219340897 0.0 0.000202593192869 0.0553079416532 0.000270124257158 13982 0 3 819 4 1
1955 T 14969 0.00120256547301 0.053447354356 0.945216461785 6.68091929449e-05 6.68091929449e-05 18 800 14148 1 1 1
1963 T 15353 0.00214955706097 0.988600833768 0.00182386659719 0.00729546638874 0.000130276185513 33 15177 28 112 2 1
1974 T 15904 0.000880281690141 0.992643360161 0.000754527162978 0.00565895372233 6.28772635815e-05 14 15787 12 90 1 0
1988 A 15195 0.994340243501 0.000658111220796 0.00171108917407 0.0032247449819 6.58111220796e-05 15109 10 26 49 1 0
1989 C 15204 0.00460405156538 0.000394632991318 0.994475138122 0.000460405156538 6.57721652197e-05 70 6 15120 7 1 0
1991 C 15088 0.00238600212089 0.942735949099 0.0536187698834 0.00112672322375 0.000132555673383 36 14224 809 17 2 0
1997 G 15493 0.945703402415 0.000129123894377 0.000193685841565 0.0536509781135 0.000322809735942 14648 2 3 831 5 4
2035 T 16369 0.00091642228739 0.994684750733 0.000122189638319 0.00421554252199 6.10948191593e-05 15 16281 2 69 1 1
2037 T 16411 0.00152346130408 0.979951249238 0.00195003046923 0.0165752589884 0.0 25 16081 32 272 0 1
2050 C 13842 0.00642970668978 0.000144487790782 0.993064586042 0.000361219476954 0.0 89 2 13746 5 0 0
2051 A 13798 0.991375561676 0.000434845629801 0.00456587911291 0.00362371358168 0.0 13679 6 63 50 0 0
2072 A 13413 0.992916262769 0.000223696965178 0.000521959585415 0.00633808068004 0.0 13316 3 7 85 0 2
2077 C 12984 0.00415960560776 0.000231089200431 0.994993067324 0.000385148667386 0.000231089200431 54 3 12917 5 3 2
2082 T 12713 0.00409030126642 0.990403523952 0.00165185243452 0.00377566270746 7.86596397388e-05 52 12591 21 48 1 0
2101 T 13178 0.000607210626186 0.994003795066 0.000834914611006 0.00447817836812 7.59013282732e-05 8 13096 11 59 1 3
2110 T 13124 0.000914564438686 0.0552549348373 0.943601859614 0.000228641109672 0.0 12 725 12381 3 0 3
2112 C 13039 0.00460581868427 0.000690872802641 0.994396253934 7.67636447379e-05 0.000230290934214 60 9 12954 1 3 12
2140 A 13052 0.994713453877 0.000612932883849 0.000766166104812 0.00383083052406 7.66166104812e-05 12983 8 10 50 1 0
2145 A 12785 0.994211967149 0.00054751662104 0.00219006648416 0.0030504497458 0.0 12711 7 28 39 0 0
2150 A 12533 0.991063592117 0.0002393680683 0.000797893560999 0.00789914625389 0.0 12421 3 10 99 0 0
