139 T 5 11
144 T 5 11
158 A 5 12
164 T 3 10
176 A 3 12
183 G 4 142
250 C 17 3013
250 G 21 3013
258 C 15 3006
258 G 34 3006
264 G 18 2998
269 A 13 2986
274 T 13 2976
274 C 11 2976
277 C 22 2967
281 C 25 2966
286 C 17 2949
286 G 12 2949
289 C 33 2941
291 A 23 2939
292 G 62 2942
299 C 12 3250
299 G 41 3250
301 G 29 3260
304 C 17 3333
307 C 50 3398
313 G 36 3566
315 A 16 3570
315 C 17 3570
315 G 52 3570
326 A 17 3637
327 C 16 3637
330 C 24 3724
333 A 16 3711
333 T 48 3711
335 C 16 3717
337 C 15 3744
338 C 20 3742
338 G 24 3742
345 C 15 3694
353 C 25 3651
353 G 13 3651
360 C 13 3655
362 C 17 3554
367 C 30 3554
367 G 26 3554
374 C 42 3543
378 G 43 3460
383 G 83 3481
388 C 18 3483
388 G 14 3483
392 G 36 3505
396 C 37 3348
396 G 75 3348
398 C 12 3363
398 G 14 3363
403 G 138 3080
405 G 126 3064
410 G 13 3141
415 C 47 3326
417 C 25 3308
420 G 12 3280
421 C 117 3285
423 C 16 3299
426 C 23 3297
545 G 248 47391
549 T 1898 47187
550 C 1898 47261
554 A 297 48442
554 C 279 48442
554 G 170 48442
557 G 225 48823
574 G 247 53386
603 G 224 58673
612 A 282 60413
616 A 393 60712
617 G 272 60726
618 A 420 60892
619 G 296 60966
629 A 349 62215
633 A 320 62483
635 A 224 62346
636 G 407 62116
643 T 3170 62590
654 A 989 63609
667 A 397 61134
667 G 2720 61134
668 G 2435 61126
671 A 2526 61306
681 C 2410 62014
686 C 291 62137
689 G 250 61905
698 C 1129 61309
717 C 610 54072
730 G 296 41733
745 G 468 13476
773 G 54 12433
784 G 67 12101
795 G 151 11152
801 G 48 11142
803 G 39 11138
807 A 720 11097
809 G 105 10599
822 G 72 8969
832 C 567 7440
833 G 573 7446
838 A 48 7938
858 C 29 7596
871 A 786 8904
880 T 747 9662
893 G 39 10502
908 G 49 10264
939 G 977 11993
945 A 993 11964
1033 G 1074 13878
1039 A 1100 13884
1040 C 1102 13864
1068 G 1159 14634
1069 A 1150 14873
1089 T 1148 15234
1095 C 1144 15206
1100 A 65 15054
1111 A 72 14634
1116 A 77 14436
1122 A 236 13689
1122 G 48 13689
1131 A 934 13237
1134 C 39 11578
1152 A 51 11823
1159 C 722 10994
1163 G 698 10564
1166 A 671 10432
1167 T 650 10464
1193 G 62 11652
1201 A 588 11066
1217 A 65 10259
1217 C 35 10259
1233 C 47 10037
1256 A 44 11345
1256 G 57 11345
1262 A 108 11244
1262 C 41 11244
1262 G 45 11244
1265 A 55 11307
1292 A 68 12361
1292 G 45 12361
1293 G 633 12379
1296 T 41 12288
1323 G 62 11708
1327 C 55 11598
1344 C 621 11817
1361 G 47 11732
1432 G 648 11529
1442 G 52 11614
1491 G 86 10350
1503 G 45 8981
1512 A 32 8294
1543 A 418 7531
1572 T 403 7994
1586 A 33 8099
1602 A 52 8703
1610 A 65 8638
1618 A 42 8156
1620 A 39 8122
1659 A 383 8405
1686 G 407 8332
1722 G 412 8313
1727 A 65 8390
1779 A 39 9230
1808 C 672 9364
1809 G 738 9287
1812 T 704 10740
1826 G 65 12118
1847 G 88 11964
1848 A 769 11621
1851 A 775 11703
1866 G 759 13493
1906 T 806 14588
1923 G 808 14223
1928 G 819 14809
1955 T 800 14969
1963 G 112 15353
1974 G 90 15904
1989 A 70 15204
1991 C 809 15088
1997 G 831 15493
2035 G 69 16369
2037 G 272 16411
2050 A 89 13842
2051 C 63 13798
2051 G 50 13798
2072 G 85 13413
2077 A 54 12984
2082 A 52 12713
2082 G 48 12713
2101 G 59 13178
2110 T 725 13124
2112 A 60 13039
2140 G 50 13052
2150 G 99 12533
